2020-12-01 19:44:52,478	Started_Job->	Job_Id: 0
2020-12-01 19:44:52,484	Started_Task->	Type: map	Task_Id: 0_M0	Job_Id: 0	Worker_Id: 1
2020-12-01 19:44:52,484	Started_Task->	Type: map	Task_Id: 0_M1	Job_Id: 0	Worker_Id: 2
2020-12-01 19:44:52,811	Started_Job->	Job_Id: 1
2020-12-01 19:44:52,816	Started_Task->	Type: map	Task_Id: 1_M0	Job_Id: 1	Worker_Id: 3
2020-12-01 19:44:52,817	Started_Task->	Type: map	Task_Id: 1_M1	Job_Id: 1	Worker_Id: 1
2020-12-01 19:44:52,817	Started_Task->	Type: map	Task_Id: 1_M2	Job_Id: 1	Worker_Id: 2
2020-12-01 19:44:52,817	Started_Task->	Type: map	Task_Id: 1_M3	Job_Id: 1	Worker_Id: 3
2020-12-01 19:44:53,234	Started_Job->	Job_Id: 2
2020-12-01 19:44:53,239	Started_Task->	Type: map	Task_Id: 2_M0	Job_Id: 2	Worker_Id: 1
2020-12-01 19:44:53,240	Started_Task->	Type: map	Task_Id: 2_M1	Job_Id: 2	Worker_Id: 2
2020-12-01 19:44:53,240	Started_Task->	Type: map	Task_Id: 2_M2	Job_Id: 2	Worker_Id: 3
2020-12-01 19:44:53,279	Started_Job->	Job_Id: 3
2020-12-01 19:44:53,811	Started_Job->	Job_Id: 4
2020-12-01 19:44:54,162	Completed_Task->	Type: map	Task_Id: 0_M1	Job_Id: 0	Worker_Id: 2
2020-12-01 19:44:54,286	Started_Task->	Type: map	Task_Id: 3_M0	Job_Id: 3	Worker_Id: 2
2020-12-01 19:44:55,163	Completed_Task->	Type: map	Task_Id: 2_M1	Job_Id: 2	Worker_Id: 2
2020-12-01 19:44:55,163	Completed_Task->	Type: map	Task_Id: 1_M2	Job_Id: 1	Worker_Id: 2
2020-12-01 19:44:55,288	Started_Task->	Type: map	Task_Id: 4_M0	Job_Id: 4	Worker_Id: 2
2020-12-01 19:44:55,319	Completed_Task->	Type: map	Task_Id: 1_M3	Job_Id: 1	Worker_Id: 3
2020-12-01 19:44:55,319	Completed_Task->	Type: map	Task_Id: 2_M2	Job_Id: 2	Worker_Id: 3
2020-12-01 19:44:55,401	Completed_Task->	Type: map	Task_Id: 2_M0	Job_Id: 2	Worker_Id: 1
2020-12-01 19:44:55,406	Started_Task->	Type: reduce	Task_Id: 2_R0	Job_Id: 2	Worker_Id: 3
2020-12-01 19:44:55,406	Started_Task->	Type: reduce	Task_Id: 2_R1	Job_Id: 2	Worker_Id: 1
2020-12-01 19:44:56,402	Completed_Task->	Type: map	Task_Id: 0_M0	Job_Id: 0	Worker_Id: 1
2020-12-01 19:44:56,407	Completed_Task->	Type: map	Task_Id: 1_M1	Job_Id: 1	Worker_Id: 1
2020-12-01 19:44:56,407	Started_Task->	Type: reduce	Task_Id: 0_R0	Job_Id: 0	Worker_Id: 1
2020-12-01 19:44:57,180	Completed_Task->	Type: map	Task_Id: 4_M0	Job_Id: 4	Worker_Id: 2
2020-12-01 19:44:57,185	Started_Task->	Type: reduce	Task_Id: 4_R0	Job_Id: 4	Worker_Id: 2
2020-12-01 19:44:57,186	Started_Task->	Type: reduce	Task_Id: 4_R1	Job_Id: 4	Worker_Id: 1
2020-12-01 19:44:57,326	Completed_Task->	Type: map	Task_Id: 1_M0	Job_Id: 1	Worker_Id: 3
2020-12-01 19:44:57,331	Started_Task->	Type: reduce	Task_Id: 1_R0	Job_Id: 1	Worker_Id: 3
2020-12-01 19:44:58,181	Completed_Task->	Type: map	Task_Id: 3_M0	Job_Id: 3	Worker_Id: 2
2020-12-01 19:44:58,187	Started_Task->	Type: reduce	Task_Id: 3_R0	Job_Id: 3	Worker_Id: 2
2020-12-01 19:44:59,182	Completed_Task->	Type: reduce	Task_Id: 4_R0	Job_Id: 4	Worker_Id: 2
2020-12-01 19:44:59,328	Completed_Task->	Type: reduce	Task_Id: 2_R0	Job_Id: 2	Worker_Id: 3
2020-12-01 19:44:59,405	Completed_Task->	Type: reduce	Task_Id: 0_R0	Job_Id: 0	Worker_Id: 1
2020-12-01 19:44:59,426	Completed_Job->	Job_Id: 0
2020-12-01 19:44:59,436	Completed_Task->	Type: reduce	Task_Id: 4_R1	Job_Id: 4	Worker_Id: 1
2020-12-01 19:44:59,457	Completed_Job->	Job_Id: 4
2020-12-01 19:45:00,407	Completed_Task->	Type: reduce	Task_Id: 2_R1	Job_Id: 2	Worker_Id: 1
2020-12-01 19:45:00,427	Completed_Job->	Job_Id: 2
2020-12-01 19:45:01,185	Completed_Task->	Type: reduce	Task_Id: 3_R0	Job_Id: 3	Worker_Id: 2
2020-12-01 19:45:01,206	Completed_Job->	Job_Id: 3
2020-12-01 19:45:02,332	Completed_Task->	Type: reduce	Task_Id: 1_R0	Job_Id: 1	Worker_Id: 3
2020-12-01 19:45:02,352	Completed_Job->	Job_Id: 1
