2020-12-01 19:43:28,907	Started_Job->	Job_Id: 0
2020-12-01 19:43:28,912	Started_Task->	Type: map	Task_Id: 0_M0	Job_Id: 0	Worker_Id: 1
2020-12-01 19:43:28,912	Started_Task->	Type: map	Task_Id: 0_M1	Job_Id: 0	Worker_Id: 2
2020-12-01 19:43:29,807	Started_Job->	Job_Id: 1
2020-12-01 19:43:29,813	Started_Task->	Type: map	Task_Id: 1_M0	Job_Id: 1	Worker_Id: 3
2020-12-01 19:43:29,813	Started_Task->	Type: map	Task_Id: 1_M1	Job_Id: 1	Worker_Id: 1
2020-12-01 19:43:29,949	Started_Job->	Job_Id: 2
2020-12-01 19:43:29,955	Started_Task->	Type: map	Task_Id: 2_M0	Job_Id: 2	Worker_Id: 2
2020-12-01 19:43:29,955	Started_Task->	Type: map	Task_Id: 2_M1	Job_Id: 2	Worker_Id: 3
2020-12-01 19:43:29,956	Started_Task->	Type: map	Task_Id: 2_M2	Job_Id: 2	Worker_Id: 1
2020-12-01 19:43:30,311	Completed_Task->	Type: map	Task_Id: 0_M0	Job_Id: 0	Worker_Id: 1
2020-12-01 19:43:30,695	Started_Job->	Job_Id: 3
2020-12-01 19:43:30,700	Started_Task->	Type: map	Task_Id: 3_M0	Job_Id: 3	Worker_Id: 2
2020-12-01 19:43:30,872	Started_Job->	Job_Id: 4
2020-12-01 19:43:30,877	Started_Task->	Type: map	Task_Id: 4_M0	Job_Id: 4	Worker_Id: 3
2020-12-01 19:43:30,878	Started_Task->	Type: map	Task_Id: 4_M1	Job_Id: 4	Worker_Id: 1
2020-12-01 19:43:31,087	Completed_Task->	Type: map	Task_Id: 0_M1	Job_Id: 0	Worker_Id: 2
2020-12-01 19:43:31,093	Started_Task->	Type: reduce	Task_Id: 0_R0	Job_Id: 0	Worker_Id: 2
2020-12-01 19:43:31,307	Completed_Task->	Type: map	Task_Id: 1_M1	Job_Id: 1	Worker_Id: 1
2020-12-01 19:43:32,238	Completed_Task->	Type: map	Task_Id: 1_M0	Job_Id: 1	Worker_Id: 3
2020-12-01 19:43:32,244	Started_Task->	Type: reduce	Task_Id: 0_R1	Job_Id: 0	Worker_Id: 3
2020-12-01 19:43:32,244	Started_Task->	Type: reduce	Task_Id: 1_R0	Job_Id: 1	Worker_Id: 1
2020-12-01 19:43:33,098	Completed_Task->	Type: map	Task_Id: 3_M0	Job_Id: 3	Worker_Id: 2
2020-12-01 19:43:33,104	Started_Task->	Type: reduce	Task_Id: 1_R1	Job_Id: 1	Worker_Id: 2
2020-12-01 19:43:33,313	Completed_Task->	Type: map	Task_Id: 2_M2	Job_Id: 2	Worker_Id: 1
2020-12-01 19:43:34,099	Completed_Task->	Type: map	Task_Id: 2_M0	Job_Id: 2	Worker_Id: 2
2020-12-01 19:43:34,240	Completed_Task->	Type: map	Task_Id: 2_M1	Job_Id: 2	Worker_Id: 3
2020-12-01 19:43:34,246	Completed_Task->	Type: map	Task_Id: 4_M0	Job_Id: 4	Worker_Id: 3
2020-12-01 19:43:34,246	Started_Task->	Type: reduce	Task_Id: 3_R0	Job_Id: 3	Worker_Id: 3
2020-12-01 19:43:34,246	Started_Task->	Type: reduce	Task_Id: 3_R1	Job_Id: 3	Worker_Id: 1
2020-12-01 19:43:34,247	Started_Task->	Type: reduce	Task_Id: 2_R0	Job_Id: 2	Worker_Id: 2
2020-12-01 19:43:34,247	Started_Task->	Type: reduce	Task_Id: 2_R1	Job_Id: 2	Worker_Id: 3
2020-12-01 19:43:34,310	Completed_Task->	Type: map	Task_Id: 4_M1	Job_Id: 4	Worker_Id: 1
2020-12-01 19:43:34,315	Started_Task->	Type: reduce	Task_Id: 4_R0	Job_Id: 4	Worker_Id: 1
2020-12-01 19:43:35,095	Completed_Task->	Type: reduce	Task_Id: 1_R1	Job_Id: 1	Worker_Id: 2
2020-12-01 19:43:35,316	Completed_Task->	Type: reduce	Task_Id: 3_R1	Job_Id: 3	Worker_Id: 1
2020-12-01 19:43:36,101	Completed_Task->	Type: reduce	Task_Id: 0_R0	Job_Id: 0	Worker_Id: 2
2020-12-01 19:43:36,242	Completed_Task->	Type: reduce	Task_Id: 0_R1	Job_Id: 0	Worker_Id: 3
2020-12-01 19:43:36,263	Completed_Job->	Job_Id: 0
2020-12-01 19:43:36,273	Completed_Task->	Type: reduce	Task_Id: 2_R1	Job_Id: 2	Worker_Id: 3
2020-12-01 19:43:36,317	Completed_Task->	Type: reduce	Task_Id: 1_R0	Job_Id: 1	Worker_Id: 1
2020-12-01 19:43:36,337	Completed_Job->	Job_Id: 1
2020-12-01 19:43:38,314	Completed_Task->	Type: reduce	Task_Id: 4_R0	Job_Id: 4	Worker_Id: 1
2020-12-01 19:43:38,335	Completed_Job->	Job_Id: 4
2020-12-01 19:43:39,104	Completed_Task->	Type: reduce	Task_Id: 2_R0	Job_Id: 2	Worker_Id: 2
2020-12-01 19:43:39,124	Completed_Job->	Job_Id: 2
2020-12-01 19:43:39,245	Completed_Task->	Type: reduce	Task_Id: 3_R0	Job_Id: 3	Worker_Id: 3
2020-12-01 19:43:39,266	Completed_Job->	Job_Id: 3
